<?xml version="1.0" encoding="UTF-8"?>
<testng-results skipped="0" failed="0" ignored="0" total="1" passed="1">
  <reporter-output>
  </reporter-output>
  <suite name="Default suite" duration-ms="13819" started-at="2020-06-30T14:19:44Z" finished-at="2020-06-30T14:19:58Z">
    <groups>
    </groups>
    <test name="Default test" duration-ms="13819" started-at="2020-06-30T14:19:44Z" finished-at="2020-06-30T14:19:58Z">
      <class name="testcases.LoginTest">
        <test-method status="PASS" signature="setUpSuite()[pri:0, instance:testcases.LoginTest@4b9e13df]" name="setUpSuite" is-config="true" duration-ms="17" started-at="2020-06-30T14:19:44Z" finished-at="2020-06-30T14:19:44Z">
          <reporter-output>
          </reporter-output>
        </test-method> <!-- setUpSuite -->
        <test-method status="PASS" signature="setUp()[pri:0, instance:testcases.LoginTest@4b9e13df]" name="setUp" is-config="true" duration-ms="10420" started-at="2020-06-30T14:19:44Z" finished-at="2020-06-30T14:19:54Z">
          <reporter-output>
          </reporter-output>
        </test-method> <!-- setUp -->
        <test-method status="PASS" signature="loginApp()[pri:0, instance:testcases.LoginTest@4b9e13df]" name="loginApp" duration-ms="2537" started-at="2020-06-30T14:19:54Z" finished-at="2020-06-30T14:19:57Z">
          <reporter-output>
          </reporter-output>
        </test-method> <!-- loginApp -->
        <test-method status="PASS" signature="failedTC(org.testng.ITestResult)[pri:0, instance:testcases.LoginTest@4b9e13df]" name="failedTC" is-config="true" duration-ms="4" started-at="2020-06-30T14:19:57Z" finished-at="2020-06-30T14:19:57Z">
          <params>
            <param index="0">
              <value>
                <![CDATA[[TestResult name=loginApp status=SUCCESS method=LoginTest.loginApp()[pri:0, instance:testcases.LoginTest@4b9e13df] output={null}]]]>
              </value>
            </param>
          </params>
          <reporter-output>
          </reporter-output>
        </test-method> <!-- failedTC -->
        <test-method status="PASS" signature="tearDown()[pri:0, instance:testcases.LoginTest@4b9e13df]" name="tearDown" is-config="true" duration-ms="831" started-at="2020-06-30T14:19:57Z" finished-at="2020-06-30T14:19:58Z">
          <reporter-output>
          </reporter-output>
        </test-method> <!-- tearDown -->
      </class> <!-- testcases.LoginTest -->
    </test> <!-- Default test -->
  </suite> <!-- Default suite -->
</testng-results>
